0 info it worked if it ends with ok
1 verbose cli [
1 verbose cli   'D:\\Program Files (x86)\\node.exe',
1 verbose cli   'D:\\Program Files (x86)\\node_modules\\npm\\bin\\npm-cli.js',
1 verbose cli   'start'
1 verbose cli ]
2 info using npm@6.13.4
3 info using node@v12.14.0
4 verbose run-script [ 'prestart', 'start', 'poststart' ]
5 info lifecycle resumesite@0.1.0~prestart: resumesite@0.1.0
6 info lifecycle resumesite@0.1.0~start: resumesite@0.1.0
7 verbose lifecycle resumesite@0.1.0~start: unsafe-perm in lifecycle true
8 verbose lifecycle resumesite@0.1.0~start: PATH: D:\Program Files (x86)\node_modules\npm\node_modules\npm-lifecycle\node-gyp-bin;C:\Users\Searing Arrow\desktop\resumesite\node_modules\.bin;C:\Users\Searing Arrow\bin;D:\Program Files (x86)\Git\mingw64\bin;D:\Program Files (x86)\Git\usr\local\bin;D:\Program Files (x86)\Git\usr\bin;D:\Program Files (x86)\Git\usr\bin;D:\Program Files (x86)\Git\mingw64\bin;D:\Program Files (x86)\Git\usr\bin;C:\Users\Searing Arrow\bin;C:\Program Files\Oculus\Support\oculus-runtime;C:\Windows\system32;C:\Windows;C:\Windows\System32\Wbem;C:\Windows\System32\WindowsPowerShell\v1.0;C:\Program Files (x86)\NVIDIA Corporation\PhysX\Common;C:\WINDOWS\system32;C:\WINDOWS;C:\WINDOWS\System32\Wbem;C:\WINDOWS\System32\WindowsPowerShell\v1.0;C:\Program Files (x86)\GtkSharp\2.12\bin;C:\WINDOWS\System32\OpenSSH;D:\Program Files (x86)\PostgreSQL\11\bin;C:\Program Files\NVIDIA Corporation\NVIDIA NvDLISR;D:\Program Files (x86)\HashiCorp\Vagrant\bin;C:\WINDOWS\system32;C:\WINDOWS;C:\WINDOWS\System32\Wbem;C:\WINDOWS\System32\WindowsPowerShell\v1.0;C:\WINDOWS\System32\OpenSSH;D:\Program Files\Java\jdk-12.0.2\bin;D:\Program Files (x86);D:\Program Files (x86)\Git\cmd;D:\Program Files\PostgreSQL\12\bin;C:\Users\Searing Arrow\AppData\Local\Microsoft\WindowsApps;D:\Program Files\heroku\bin;C:\Users\Searing Arrow\AppData\Roaming\npm;D:\Program Files (x86)\Git\usr\bin\vendor_perl;D:\Program Files (x86)\Git\usr\bin\core_perl
9 verbose lifecycle resumesite@0.1.0~start: CWD: C:\Users\Searing Arrow\desktop\resumesite
10 silly lifecycle resumesite@0.1.0~start: Args: [ '/d /s /c', 'react-scripts start' ]
11 silly lifecycle resumesite@0.1.0~start: Returned: code: 1  signal: null
12 info lifecycle resumesite@0.1.0~start: Failed to exec start script
13 verbose stack Error: resumesite@0.1.0 start: `react-scripts start`
13 verbose stack Exit status 1
13 verbose stack     at EventEmitter.<anonymous> (D:\Program Files (x86)\node_modules\npm\node_modules\npm-lifecycle\index.js:332:16)
13 verbose stack     at EventEmitter.emit (events.js:210:5)
13 verbose stack     at ChildProcess.<anonymous> (D:\Program Files (x86)\node_modules\npm\node_modules\npm-lifecycle\lib\spawn.js:55:14)
13 verbose stack     at ChildProcess.emit (events.js:210:5)
13 verbose stack     at maybeClose (internal/child_process.js:1021:16)
13 verbose stack     at Process.ChildProcess._handle.onexit (internal/child_process.js:283:5)
14 verbose pkgid resumesite@0.1.0
15 verbose cwd C:\Users\Searing Arrow\desktop\resumesite
16 verbose Windows_NT 10.0.18362
17 verbose argv "D:\\Program Files (x86)\\node.exe" "D:\\Program Files (x86)\\node_modules\\npm\\bin\\npm-cli.js" "start"
18 verbose node v12.14.0
19 verbose npm  v6.13.4
20 error code ELIFECYCLE
21 error errno 1
22 error resumesite@0.1.0 start: `react-scripts start`
22 error Exit status 1
23 error Failed at the resumesite@0.1.0 start script.
23 error This is probably not a problem with npm. There is likely additional logging output above.
24 verbose exit [ 1, true ]
